<?xml version="1.0" encoding="UTF-8"?>
<!-- Generated by org.testng.reporters.JUnitXMLReporter -->
<testsuite ignored="0" hostname="DESKTOP-FHH7LA1" failures="1" tests="1" name="Default test" time="31.566" errors="0" timestamp="2025-02-09T00:33:50 IST">
  <testcase classname="_01_Login.TC001_Verify_FB_Login" name="verifyEditRoleOnAssigneeListPage" time="15.928">
    <failure type="org.openqa.selenium.TimeoutException" message="Expected condition failed: waiting for url to be &amp;quot;https://www.facebook.com/?sk=welcome&amp;quot;. Current url: &amp;quot;https://www.facebook.com/two_step_verification/authentication/?encrypted_context=AWN_MaZ0uwMLUOxwc0-ZnuzNmLDkHqwlqSLQ213oXWCCokO6jS6-isY3_FKJQZgXTn3_RkGf8bTm-M0Kjg5Taf3WDjAbOoe8Wo2RpUyWPuBIKSJAvhqEcMYoNysGzGEn9bpMD4HtImwgsjRBEScPkNIh4vUdTGOqPkqkbgMDrRJk2sli0TYil_nyyrLvozMQ6LEWzqZmBG2FCA1sXZbGyRkpjph4bL070bJd1mWuXcDESjHe0ra4Rz6BG2nFT7V6O3lJyiMXrOWtZWB3phyEaBpkJy7EG6omQ3HiR53mjHv0F76IzIMEGJWvIpOOyn8jC4otuX7kERvz5UTFS6Ii_3URRk7gmjiPbrMXq00D_oUplioXd7eTLLYIh7TUbKiqmu-lL9cMb-AE7oAs33gikYQ_AMPNx5cIWFhN51auXRjKSOvJQOj57Dq36NEvjiEexKu8QHRr4e_iJSwcPw_faMvx1hNGfwfGSIGJmNJKZ26CQw1O0biGnPWyK7CQnp0EGk9vYNcRcvwlRtkZV5Ry9clre8BnSff2jAw7zIvI5LEaAruYtQlqMASg3DkVjamtWinu1P3veYr9CEYP0Oug8Of1w3aJjxZeHYv8O1oaqsdzJ7BsLu_aBRq3cai6kKUG7mJPmP-v4U55maVc28Cuxrlcov2a_bnIS9Dm9j_foK7tbK0ngGeIXvbVxln1NA_5EL3Zx7mltl8wN9ZWs5MEzuFe4_ljiA&amp;amp;flow=pre_authentication&amp;amp;next&amp;quot; (tried for 15 second(s) with 500 milliseconds interval)
Build info: version: &amp;apos;3.141.59&amp;apos;, revision: &amp;apos;e82be7d358&amp;apos;, time: &amp;apos;2018-11-14T08:17:03&amp;apos;
System info: host: &amp;apos;DESKTOP-FHH7LA1&amp;apos;, ip: &amp;apos;192.168.1.9&amp;apos;, os.name: &amp;apos;Windows 10&amp;apos;, os.arch: &amp;apos;amd64&amp;apos;, os.version: &amp;apos;10.0&amp;apos;, java.version: &amp;apos;19.0.1&amp;apos;
Driver info: org.openqa.selenium.chrome.ChromeDriver
Capabilities {acceptInsecureCerts: false, browserName: chrome, browserVersion: 132.0.6834.160, chrome: {chromedriverVersion: 132.0.6834.159 (2d77d3fc445..., userDataDir: C:\Users\ASZ\AppData\Local\...}, fedcm:accounts: true, goog:chromeOptions: {debuggerAddress: localhost:62940}, javascriptEnabled: true, networkConnectionEnabled: false, pageLoadStrategy: normal, platform: WINDOWS, platformName: WINDOWS, proxy: Proxy(), setWindowRect: true, strictFileInteractability: false, timeouts: {implicit: 0, pageLoad: 300000, script: 30000}, unhandledPromptBehavior: dismiss and notify, webauthn:extension:credBlob: true, webauthn:extension:largeBlob: true, webauthn:extension:minPinLength: true, webauthn:extension:prf: true, webauthn:virtualAuthenticators: true}
Session ID: 47d2efc02b4235140d32bcfefa5f67bb">
      <![CDATA[org.openqa.selenium.TimeoutException: Expected condition failed: waiting for url to be "https://www.facebook.com/?sk=welcome". Current url: "https://www.facebook.com/two_step_verification/authentication/?encrypted_context=AWN_MaZ0uwMLUOxwc0-ZnuzNmLDkHqwlqSLQ213oXWCCokO6jS6-isY3_FKJQZgXTn3_RkGf8bTm-M0Kjg5Taf3WDjAbOoe8Wo2RpUyWPuBIKSJAvhqEcMYoNysGzGEn9bpMD4HtImwgsjRBEScPkNIh4vUdTGOqPkqkbgMDrRJk2sli0TYil_nyyrLvozMQ6LEWzqZmBG2FCA1sXZbGyRkpjph4bL070bJd1mWuXcDESjHe0ra4Rz6BG2nFT7V6O3lJyiMXrOWtZWB3phyEaBpkJy7EG6omQ3HiR53mjHv0F76IzIMEGJWvIpOOyn8jC4otuX7kERvz5UTFS6Ii_3URRk7gmjiPbrMXq00D_oUplioXd7eTLLYIh7TUbKiqmu-lL9cMb-AE7oAs33gikYQ_AMPNx5cIWFhN51auXRjKSOvJQOj57Dq36NEvjiEexKu8QHRr4e_iJSwcPw_faMvx1hNGfwfGSIGJmNJKZ26CQw1O0biGnPWyK7CQnp0EGk9vYNcRcvwlRtkZV5Ry9clre8BnSff2jAw7zIvI5LEaAruYtQlqMASg3DkVjamtWinu1P3veYr9CEYP0Oug8Of1w3aJjxZeHYv8O1oaqsdzJ7BsLu_aBRq3cai6kKUG7mJPmP-v4U55maVc28Cuxrlcov2a_bnIS9Dm9j_foK7tbK0ngGeIXvbVxln1NA_5EL3Zx7mltl8wN9ZWs5MEzuFe4_ljiA&flow=pre_authentication&next" (tried for 15 second(s) with 500 milliseconds interval)
Build info: version: '3.141.59', revision: 'e82be7d358', time: '2018-11-14T08:17:03'
System info: host: 'DESKTOP-FHH7LA1', ip: '192.168.1.9', os.name: 'Windows 10', os.arch: 'amd64', os.version: '10.0', java.version: '19.0.1'
Driver info: org.openqa.selenium.chrome.ChromeDriver
Capabilities {acceptInsecureCerts: false, browserName: chrome, browserVersion: 132.0.6834.160, chrome: {chromedriverVersion: 132.0.6834.159 (2d77d3fc445..., userDataDir: C:\Users\ASZ\AppData\Local\...}, fedcm:accounts: true, goog:chromeOptions: {debuggerAddress: localhost:62940}, javascriptEnabled: true, networkConnectionEnabled: false, pageLoadStrategy: normal, platform: WINDOWS, platformName: WINDOWS, proxy: Proxy(), setWindowRect: true, strictFileInteractability: false, timeouts: {implicit: 0, pageLoad: 300000, script: 30000}, unhandledPromptBehavior: dismiss and notify, webauthn:extension:credBlob: true, webauthn:extension:largeBlob: true, webauthn:extension:minPinLength: true, webauthn:extension:prf: true, webauthn:virtualAuthenticators: true}
Session ID: 47d2efc02b4235140d32bcfefa5f67bb
at org.openqa.selenium.support.ui.WebDriverWait.timeoutException(WebDriverWait.java:95)
at org.openqa.selenium.support.ui.FluentWait.until(FluentWait.java:272)
at _01_Login.TC001_Verify_FB_Login.verifyEditRoleOnAssigneeListPage(TC001_Verify_FB_Login.java:54)
at java.base/jdk.internal.reflect.DirectMethodHandleAccessor.invoke(DirectMethodHandleAccessor.java:104)
at java.base/java.lang.reflect.Method.invoke(Method.java:578)
at org.testng.internal.invokers.MethodInvocationHelper.invokeMethod(MethodInvocationHelper.java:141)
at org.testng.internal.invokers.TestInvoker.invokeMethod(TestInvoker.java:686)
at org.testng.internal.invokers.TestInvoker.invokeTestMethod(TestInvoker.java:230)
at org.testng.internal.invokers.MethodRunner.runInSequence(MethodRunner.java:63)
at org.testng.internal.invokers.TestInvoker$MethodInvocationAgent.invoke(TestInvoker.java:992)
at org.testng.internal.invokers.TestInvoker.invokeTestMethods(TestInvoker.java:203)
at org.testng.internal.invokers.TestMethodWorker.invokeTestMethods(TestMethodWorker.java:154)
at org.testng.internal.invokers.TestMethodWorker.run(TestMethodWorker.java:134)
at java.base/java.util.ArrayList.forEach(ArrayList.java:1511)
at org.testng.TestRunner.privateRun(TestRunner.java:739)
at org.testng.TestRunner.run(TestRunner.java:614)
at org.testng.SuiteRunner.runTest(SuiteRunner.java:421)
at org.testng.SuiteRunner.runSequentially(SuiteRunner.java:413)
at org.testng.SuiteRunner.privateRun(SuiteRunner.java:373)
at org.testng.SuiteRunner.run(SuiteRunner.java:312)
at org.testng.SuiteRunnerWorker.runSuite(SuiteRunnerWorker.java:52)
at org.testng.SuiteRunnerWorker.run(SuiteRunnerWorker.java:95)
at org.testng.TestNG.runSuitesSequentially(TestNG.java:1274)
at org.testng.TestNG.runSuitesLocally(TestNG.java:1208)
at org.testng.TestNG.runSuites(TestNG.java:1112)
at org.testng.TestNG.run(TestNG.java:1079)
at org.testng.remote.AbstractRemoteTestNG.run(AbstractRemoteTestNG.java:115)
at org.testng.remote.RemoteTestNG.initAndRun(RemoteTestNG.java:293)
at org.testng.remote.RemoteTestNG.main(RemoteTestNG.java:91)
]]>
    </failure>
  </testcase> <!-- verifyEditRoleOnAssigneeListPage -->
</testsuite> <!-- Default test -->
