<?xml version="1.0" encoding="UTF-8"?>
<!-- Generated by org.testng.reporters.JUnitXMLReporter -->
<testsuite ignored="0" hostname="DESKTOP-FHH7LA1" failures="1" tests="1" name="Test" time="31.312" errors="0" timestamp="2025-02-09T00:27:46 IST">
  <testcase classname="_01_Login.TC001_Verify_FB_Login" name="verifyEditRoleOnAssigneeListPage" time="15.841">
    <failure type="org.openqa.selenium.TimeoutException" message="Expected condition failed: waiting for url to be &amp;quot;https://www.facebook.com/?sk=welcome&amp;quot;. Current url: &amp;quot;https://www.facebook.com/two_step_verification/authentication/?encrypted_context=AWMHzq0Kxvmbd4NWqWowQvpDd_ycXno7rkkcb2vK3NwksgZi8Ry-NM9AwG4RiJ1F-VKXpQHrUG4S05bZrSlT1ozADf_ci-6KnUh7r0XGslaYOsjDKZHaLerM8Df0p0ff7ePN5PmqFS05WQnvUreRRlZ9GVlqm-a2sfMFwp4y74RQ9cJIqtGmXrFFkA2YjkcelQWBZ0clMWRPIugRiHilNDg6sTWejwMl-KudnvowE-pNQenJ-qDxc26hfUCsVKHnKXnm07oimHvAVL2QcKkcmf3KcQ0REPND32Iu062K3xUfgIp1NWMJ3c-LRqD_VJhxPq86YROI10498t6xyOwmky_MBdJdY3b1Zilibsn2aGEGOAd7zmzoiP9lI_sgRkqYLuqQEaUdxhEXEO9Cyp_OuK8yX8kqsBQuMtfM-mjZTyiqsydU8rYnswJmnDqXwxuT77uf18-UO7nqC2QKGFDtEay8QAyp5rw6sj4mdu-K1Qc_E6vQnVlJPjnhEse0Wnj4IJtAZzsJ8P737JvHqiTB7AEaDsjsQ7N_vtPQZrQqdljZ9_EkiDTY7tfBsOHRTrPGEaiDv28kuhlj6aEDlrM4gDBLC7nKN78sAC1ASZw2YNSSQiIdezszjaF4BmLCQtfscvhLHMYlS0OY-rSkc1exAwfGECpmkWOHukpVuOOziHibrwzkeu2NFbLBhLW2Hm9sm2VbnwphSCKoeJi--3G5xt38Sg&amp;amp;flow=pre_authentication&amp;amp;next&amp;quot; (tried for 15 second(s) with 500 milliseconds interval)
Build info: version: &amp;apos;3.141.59&amp;apos;, revision: &amp;apos;e82be7d358&amp;apos;, time: &amp;apos;2018-11-14T08:17:03&amp;apos;
System info: host: &amp;apos;DESKTOP-FHH7LA1&amp;apos;, ip: &amp;apos;192.168.1.9&amp;apos;, os.name: &amp;apos;Windows 10&amp;apos;, os.arch: &amp;apos;amd64&amp;apos;, os.version: &amp;apos;10.0&amp;apos;, java.version: &amp;apos;19.0.1&amp;apos;
Driver info: org.openqa.selenium.chrome.ChromeDriver
Capabilities {acceptInsecureCerts: false, browserName: chrome, browserVersion: 132.0.6834.160, chrome: {chromedriverVersion: 132.0.6834.159 (2d77d3fc445..., userDataDir: C:\Users\ASZ\AppData\Local\...}, fedcm:accounts: true, goog:chromeOptions: {debuggerAddress: localhost:62889}, javascriptEnabled: true, networkConnectionEnabled: false, pageLoadStrategy: normal, platform: WINDOWS, platformName: WINDOWS, proxy: Proxy(), setWindowRect: true, strictFileInteractability: false, timeouts: {implicit: 0, pageLoad: 300000, script: 30000}, unhandledPromptBehavior: dismiss and notify, webauthn:extension:credBlob: true, webauthn:extension:largeBlob: true, webauthn:extension:minPinLength: true, webauthn:extension:prf: true, webauthn:virtualAuthenticators: true}
Session ID: b666d515132ea91ad9c99a668b23a82d">
      <![CDATA[org.openqa.selenium.TimeoutException: Expected condition failed: waiting for url to be "https://www.facebook.com/?sk=welcome". Current url: "https://www.facebook.com/two_step_verification/authentication/?encrypted_context=AWMHzq0Kxvmbd4NWqWowQvpDd_ycXno7rkkcb2vK3NwksgZi8Ry-NM9AwG4RiJ1F-VKXpQHrUG4S05bZrSlT1ozADf_ci-6KnUh7r0XGslaYOsjDKZHaLerM8Df0p0ff7ePN5PmqFS05WQnvUreRRlZ9GVlqm-a2sfMFwp4y74RQ9cJIqtGmXrFFkA2YjkcelQWBZ0clMWRPIugRiHilNDg6sTWejwMl-KudnvowE-pNQenJ-qDxc26hfUCsVKHnKXnm07oimHvAVL2QcKkcmf3KcQ0REPND32Iu062K3xUfgIp1NWMJ3c-LRqD_VJhxPq86YROI10498t6xyOwmky_MBdJdY3b1Zilibsn2aGEGOAd7zmzoiP9lI_sgRkqYLuqQEaUdxhEXEO9Cyp_OuK8yX8kqsBQuMtfM-mjZTyiqsydU8rYnswJmnDqXwxuT77uf18-UO7nqC2QKGFDtEay8QAyp5rw6sj4mdu-K1Qc_E6vQnVlJPjnhEse0Wnj4IJtAZzsJ8P737JvHqiTB7AEaDsjsQ7N_vtPQZrQqdljZ9_EkiDTY7tfBsOHRTrPGEaiDv28kuhlj6aEDlrM4gDBLC7nKN78sAC1ASZw2YNSSQiIdezszjaF4BmLCQtfscvhLHMYlS0OY-rSkc1exAwfGECpmkWOHukpVuOOziHibrwzkeu2NFbLBhLW2Hm9sm2VbnwphSCKoeJi--3G5xt38Sg&flow=pre_authentication&next" (tried for 15 second(s) with 500 milliseconds interval)
Build info: version: '3.141.59', revision: 'e82be7d358', time: '2018-11-14T08:17:03'
System info: host: 'DESKTOP-FHH7LA1', ip: '192.168.1.9', os.name: 'Windows 10', os.arch: 'amd64', os.version: '10.0', java.version: '19.0.1'
Driver info: org.openqa.selenium.chrome.ChromeDriver
Capabilities {acceptInsecureCerts: false, browserName: chrome, browserVersion: 132.0.6834.160, chrome: {chromedriverVersion: 132.0.6834.159 (2d77d3fc445..., userDataDir: C:\Users\ASZ\AppData\Local\...}, fedcm:accounts: true, goog:chromeOptions: {debuggerAddress: localhost:62889}, javascriptEnabled: true, networkConnectionEnabled: false, pageLoadStrategy: normal, platform: WINDOWS, platformName: WINDOWS, proxy: Proxy(), setWindowRect: true, strictFileInteractability: false, timeouts: {implicit: 0, pageLoad: 300000, script: 30000}, unhandledPromptBehavior: dismiss and notify, webauthn:extension:credBlob: true, webauthn:extension:largeBlob: true, webauthn:extension:minPinLength: true, webauthn:extension:prf: true, webauthn:virtualAuthenticators: true}
Session ID: b666d515132ea91ad9c99a668b23a82d
at org.openqa.selenium.support.ui.WebDriverWait.timeoutException(WebDriverWait.java:95)
at org.openqa.selenium.support.ui.FluentWait.until(FluentWait.java:272)
at _01_Login.TC001_Verify_FB_Login.verifyEditRoleOnAssigneeListPage(TC001_Verify_FB_Login.java:54)
at java.base/java.util.ArrayList.forEach(ArrayList.java:1511)
... Removed 25 stack frames]]>
    </failure>
  </testcase> <!-- verifyEditRoleOnAssigneeListPage -->
</testsuite> <!-- Test -->
